<?xml version="1.0" encoding="UTF-8"?>
<!-- Generated by org.testng.reporters.JUnitReportReporter -->
<testsuite hostname="L5CG73030Z4" failures="0" tests="2" name="Academy.homePage" time="29.859" errors="0" timestamp="5 May 2020 13:22:49 GMT">
  <testcase classname="Academy.homePage" name="basePageNavigation" time="19.075"/>
  <testcase classname="Academy.homePage" name="basePageNavigation" time="10.784"/>
</testsuite> <!-- Academy.homePage -->
