<?xml version="1.0" encoding="UTF-8"?>
<!-- Generated by org.testng.reporters.JUnitReportReporter -->
<testsuite hostname="L5CG73030Z4" failures="0" tests="1" name="Academy.validateNavBar" time="0.144" errors="0" timestamp="5 May 2020 13:22:49 GMT">
  <testcase classname="Academy.validateNavBar" name="basePageNavigation" time="0.144"/>
</testsuite> <!-- Academy.validateNavBar -->
