<?xml version="1.0" encoding="UTF-8"?>
<testsuite xmlns:xsi="http://www.w3.org/2001/XMLSchema-instance" xsi:noNamespaceSchemaLocation="https://maven.apache.org/surefire/maven-surefire-plugin/xsd/surefire-test-report-3.0.xsd" version="3.0" name="TestSuite" time="75.215" tests="5" errors="0" skipped="0" failures="1">
  <properties>
    <property name="java.specification.version" value="13"/>
    <property name="webdriver.chrome.driver" value="C:\Users\104795\Mavenjava\E2EProject\src\main\java\resources\Drivers\Chrome\Version 81.0.4044.69\chromedriver.exe"/>
    <property name="sun.cpu.isalist" value="amd64"/>
    <property name="sun.jnu.encoding" value="Cp1252"/>
    <property name="java.class.path" value="C:\Users\104795\Mavenjava\E2EProject\target\test-classes;C:\Users\104795\Mavenjava\E2EProject\target\classes;C:\Users\104795\.m2\repository\junit\junit\3.8.1\junit-3.8.1.jar;C:\Users\104795\.m2\repository\org\seleniumhq\selenium\selenium-java\3.141.59\selenium-java-3.141.59.jar;C:\Users\104795\.m2\repository\org\seleniumhq\selenium\selenium-api\3.141.59\selenium-api-3.141.59.jar;C:\Users\104795\.m2\repository\org\seleniumhq\selenium\selenium-chrome-driver\3.141.59\selenium-chrome-driver-3.141.59.jar;C:\Users\104795\.m2\repository\org\seleniumhq\selenium\selenium-edge-driver\3.141.59\selenium-edge-driver-3.141.59.jar;C:\Users\104795\.m2\repository\org\seleniumhq\selenium\selenium-firefox-driver\3.141.59\selenium-firefox-driver-3.141.59.jar;C:\Users\104795\.m2\repository\org\seleniumhq\selenium\selenium-ie-driver\3.141.59\selenium-ie-driver-3.141.59.jar;C:\Users\104795\.m2\repository\org\seleniumhq\selenium\selenium-opera-driver\3.141.59\selenium-opera-driver-3.141.59.jar;C:\Users\104795\.m2\repository\org\seleniumhq\selenium\selenium-remote-driver\3.141.59\selenium-remote-driver-3.141.59.jar;C:\Users\104795\.m2\repository\org\seleniumhq\selenium\selenium-safari-driver\3.141.59\selenium-safari-driver-3.141.59.jar;C:\Users\104795\.m2\repository\org\seleniumhq\selenium\selenium-support\3.141.59\selenium-support-3.141.59.jar;C:\Users\104795\.m2\repository\net\bytebuddy\byte-buddy\1.8.15\byte-buddy-1.8.15.jar;C:\Users\104795\.m2\repository\org\apache\commons\commons-exec\1.3\commons-exec-1.3.jar;C:\Users\104795\.m2\repository\com\google\guava\guava\25.0-jre\guava-25.0-jre.jar;C:\Users\104795\.m2\repository\com\google\code\findbugs\jsr305\1.3.9\jsr305-1.3.9.jar;C:\Users\104795\.m2\repository\org\checkerframework\checker-compat-qual\2.0.0\checker-compat-qual-2.0.0.jar;C:\Users\104795\.m2\repository\com\google\errorprone\error_prone_annotations\2.1.3\error_prone_annotations-2.1.3.jar;C:\Users\104795\.m2\repository\com\google\j2objc\j2objc-annotations\1.1\j2objc-annotations-1.1.jar;C:\Users\104795\.m2\repository\org\codehaus\mojo\animal-sniffer-annotations\1.14\animal-sniffer-annotations-1.14.jar;C:\Users\104795\.m2\repository\com\squareup\okhttp3\okhttp\3.11.0\okhttp-3.11.0.jar;C:\Users\104795\.m2\repository\com\squareup\okio\okio\1.14.0\okio-1.14.0.jar;C:\Users\104795\.m2\repository\org\testng\testng\6.8\testng-6.8.jar;C:\Users\104795\.m2\repository\org\beanshell\bsh\2.0b4\bsh-2.0b4.jar;C:\Users\104795\.m2\repository\com\beust\jcommander\1.27\jcommander-1.27.jar;C:\Users\104795\.m2\repository\org\yaml\snakeyaml\1.6\snakeyaml-1.6.jar;C:\Users\104795\.m2\repository\org\apache\logging\log4j\log4j-api\2.13.2\log4j-api-2.13.2.jar;C:\Users\104795\.m2\repository\org\apache\logging\log4j\log4j-core\2.13.2\log4j-core-2.13.2.jar;C:\Users\104795\.m2\repository\commons-io\commons-io\2.6\commons-io-2.6.jar;C:\Users\104795\.m2\repository\com\relevantcodes\extentreports\2.41.2\extentreports-2.41.2.jar;C:\Users\104795\.m2\repository\org\jsoup\jsoup\1.8.3\jsoup-1.8.3.jar;C:\Users\104795\.m2\repository\org\xerial\sqlite-jdbc\3.8.11.1\sqlite-jdbc-3.8.11.1.jar;C:\Users\104795\.m2\repository\org\freemarker\freemarker\2.3.23\freemarker-2.3.23.jar;C:\Users\104795\.m2\repository\org\mongodb\mongodb-driver\3.0.4\mongodb-driver-3.0.4.jar;C:\Users\104795\.m2\repository\org\mongodb\bson\3.0.4\bson-3.0.4.jar;C:\Users\104795\.m2\repository\org\mongodb\mongodb-driver-core\3.0.4\mongodb-driver-core-3.0.4.jar;"/>
    <property name="java.vm.vendor" value="Oracle Corporation"/>
    <property name="sun.arch.data.model" value="64"/>
    <property name="user.variant" value=""/>
    <property name="java.vendor.url" value="https://java.oracle.com/"/>
    <property name="user.timezone" value="America/Chicago"/>
    <property name="os.name" value="Windows 7"/>
    <property name="java.vm.specification.version" value="13"/>
    <property name="sun.java.launcher" value="SUN_STANDARD"/>
    <property name="user.country" value="US"/>
    <property name="sun.boot.library.path" value="C:\Program Files\Java\jdk-13.0.2\bin"/>
    <property name="sun.java.command" value="C:\Users\104795\AppData\Local\Temp\surefire929883675140173275\surefirebooter9200865233472943144.jar C:\Users\104795\AppData\Local\Temp\surefire929883675140173275 2020-05-05T08-21-31_914-jvmRun1 surefire15700042875706857615tmp surefire_09511623531862092181tmp"/>
    <property name="jdk.debug" value="release"/>
    <property name="surefire.test.class.path" value="C:\Users\104795\Mavenjava\E2EProject\target\test-classes;C:\Users\104795\Mavenjava\E2EProject\target\classes;C:\Users\104795\.m2\repository\junit\junit\3.8.1\junit-3.8.1.jar;C:\Users\104795\.m2\repository\org\seleniumhq\selenium\selenium-java\3.141.59\selenium-java-3.141.59.jar;C:\Users\104795\.m2\repository\org\seleniumhq\selenium\selenium-api\3.141.59\selenium-api-3.141.59.jar;C:\Users\104795\.m2\repository\org\seleniumhq\selenium\selenium-chrome-driver\3.141.59\selenium-chrome-driver-3.141.59.jar;C:\Users\104795\.m2\repository\org\seleniumhq\selenium\selenium-edge-driver\3.141.59\selenium-edge-driver-3.141.59.jar;C:\Users\104795\.m2\repository\org\seleniumhq\selenium\selenium-firefox-driver\3.141.59\selenium-firefox-driver-3.141.59.jar;C:\Users\104795\.m2\repository\org\seleniumhq\selenium\selenium-ie-driver\3.141.59\selenium-ie-driver-3.141.59.jar;C:\Users\104795\.m2\repository\org\seleniumhq\selenium\selenium-opera-driver\3.141.59\selenium-opera-driver-3.141.59.jar;C:\Users\104795\.m2\repository\org\seleniumhq\selenium\selenium-remote-driver\3.141.59\selenium-remote-driver-3.141.59.jar;C:\Users\104795\.m2\repository\org\seleniumhq\selenium\selenium-safari-driver\3.141.59\selenium-safari-driver-3.141.59.jar;C:\Users\104795\.m2\repository\org\seleniumhq\selenium\selenium-support\3.141.59\selenium-support-3.141.59.jar;C:\Users\104795\.m2\repository\net\bytebuddy\byte-buddy\1.8.15\byte-buddy-1.8.15.jar;C:\Users\104795\.m2\repository\org\apache\commons\commons-exec\1.3\commons-exec-1.3.jar;C:\Users\104795\.m2\repository\com\google\guava\guava\25.0-jre\guava-25.0-jre.jar;C:\Users\104795\.m2\repository\com\google\code\findbugs\jsr305\1.3.9\jsr305-1.3.9.jar;C:\Users\104795\.m2\repository\org\checkerframework\checker-compat-qual\2.0.0\checker-compat-qual-2.0.0.jar;C:\Users\104795\.m2\repository\com\google\errorprone\error_prone_annotations\2.1.3\error_prone_annotations-2.1.3.jar;C:\Users\104795\.m2\repository\com\google\j2objc\j2objc-annotations\1.1\j2objc-annotations-1.1.jar;C:\Users\104795\.m2\repository\org\codehaus\mojo\animal-sniffer-annotations\1.14\animal-sniffer-annotations-1.14.jar;C:\Users\104795\.m2\repository\com\squareup\okhttp3\okhttp\3.11.0\okhttp-3.11.0.jar;C:\Users\104795\.m2\repository\com\squareup\okio\okio\1.14.0\okio-1.14.0.jar;C:\Users\104795\.m2\repository\org\testng\testng\6.8\testng-6.8.jar;C:\Users\104795\.m2\repository\org\beanshell\bsh\2.0b4\bsh-2.0b4.jar;C:\Users\104795\.m2\repository\com\beust\jcommander\1.27\jcommander-1.27.jar;C:\Users\104795\.m2\repository\org\yaml\snakeyaml\1.6\snakeyaml-1.6.jar;C:\Users\104795\.m2\repository\org\apache\logging\log4j\log4j-api\2.13.2\log4j-api-2.13.2.jar;C:\Users\104795\.m2\repository\org\apache\logging\log4j\log4j-core\2.13.2\log4j-core-2.13.2.jar;C:\Users\104795\.m2\repository\commons-io\commons-io\2.6\commons-io-2.6.jar;C:\Users\104795\.m2\repository\com\relevantcodes\extentreports\2.41.2\extentreports-2.41.2.jar;C:\Users\104795\.m2\repository\org\jsoup\jsoup\1.8.3\jsoup-1.8.3.jar;C:\Users\104795\.m2\repository\org\xerial\sqlite-jdbc\3.8.11.1\sqlite-jdbc-3.8.11.1.jar;C:\Users\104795\.m2\repository\org\freemarker\freemarker\2.3.23\freemarker-2.3.23.jar;C:\Users\104795\.m2\repository\org\mongodb\mongodb-driver\3.0.4\mongodb-driver-3.0.4.jar;C:\Users\104795\.m2\repository\org\mongodb\bson\3.0.4\bson-3.0.4.jar;C:\Users\104795\.m2\repository\org\mongodb\mongodb-driver-core\3.0.4\mongodb-driver-core-3.0.4.jar;"/>
    <property name="sun.cpu.endian" value="little"/>
    <property name="user.home" value="C:\Users\104795"/>
    <property name="user.language" value="en"/>
    <property name="java.specification.vendor" value="Oracle Corporation"/>
    <property name="java.version.date" value="2020-01-14"/>
    <property name="java.home" value="C:\Program Files\Java\jdk-13.0.2"/>
    <property name="file.separator" value="\"/>
    <property name="basedir" value="C:\Users\104795\Mavenjava\E2EProject"/>
    <property name="java.vm.compressedOopsMode" value="Zero based"/>
    <property name="line.separator" value="&#10;"/>
    <property name="java.vm.specification.vendor" value="Oracle Corporation"/>
    <property name="java.specification.name" value="Java Platform API Specification"/>
    <property name="surefire.real.class.path" value="C:\Users\104795\AppData\Local\Temp\surefire929883675140173275\surefirebooter9200865233472943144.jar"/>
    <property name="user.script" value=""/>
    <property name="sun.management.compiler" value="HotSpot 64-Bit Tiered Compilers"/>
    <property name="java.runtime.version" value="13.0.2+8"/>
    <property name="user.name" value="104795"/>
    <property name="path.separator" value=";"/>
    <property name="os.version" value="6.1"/>
    <property name="java.runtime.name" value="Java(TM) SE Runtime Environment"/>
    <property name="file.encoding" value="Cp1252"/>
    <property name="browser" value="chrome"/>
    <property name="java.vm.name" value="Java HotSpot(TM) 64-Bit Server VM"/>
    <property name="localRepository" value="C:\Users\104795\.m2\repository"/>
    <property name="java.vendor.url.bug" value="https://bugreport.java.com/bugreport/"/>
    <property name="java.io.tmpdir" value="C:\Users\104795\AppData\Local\Temp\"/>
    <property name="java.version" value="13.0.2"/>
    <property name="user.dir" value="C:\Users\104795\Mavenjava\E2EProject"/>
    <property name="os.arch" value="amd64"/>
    <property name="java.vm.specification.name" value="Java Virtual Machine Specification"/>
    <property name="sun.os.patch.level" value="Service Pack 1"/>
    <property name="java.library.path" value="C:\Program Files\Java\jdk-13.0.2\bin;C:\Windows\Sun\Java\bin;C:\Windows\system32;C:\Windows;C:\Udemy_Selenium\Maven\apache-maven-3.6.3\bin;C:\Udemy_Selenium\Maven\apache-maven-3.6.3\bin;C:\Users\104795\AppData\Local\Android\Sdk\tools\bin;C:\Users\104795\AppData\Local\Android\Sdk\tools;C:\Users\104795\AppData\Local\Android\Sdk\platform-tools;C:\Ruby26-x64\bin;C:\Program Files (x86)\Common Files\Oracle\Java\javapath;C:\ProgramData\Oracle\Java\javapath;C:\Windows\system32;C:\Windows;C:\Windows\System32\Wbem;C:\Windows\System32\WindowsPowerShell\v1.0\;C:\Windows\System32\WindowsPowerShell\v1.0\;C:\Windows\CCM;C:\Windows\CCM;C:\Windows\System32\WindowsPowerShell\v1.0\;C:\Program Files (x86)\Shoreline Communications\ShoreWare Client\;C:\Program Files (x86)\Shoreline Communications\ShoreWare Client\win64;C:\Program Files (x86)\ArgOS-EGMUtils;c:\Program Files (x86)\Microsoft SQL Server\110\Tools\Binn\;c:\Program Files\Microsoft SQL Server\110\Tools\Binn\;c:\Program Files\Microsoft SQL Server\110\DTS\Binn\;c:\Program Files (x86)\Microsoft SQL Server\110\Tools\Binn\ManagementStudio\;c:\Program Files (x86)\Microsoft Visual Studio 10.0\Common7\IDE\PrivateAssemblies\;c:\Program Files (x86)\Microsoft SQL Server\110\DTS\Binn\;C:\Program Files (x86)\ArgOS-EGMUtils;C:\Program Files\Perforce\;C:\Windows\System32\WindowsPowerShell\v1.0\;C:\Users\104795\AppData\Local\Programs\Python\Python37-32\Scripts;C:\Program Files (x86)\Intel\UCRT\;C:\Program Files\Intel\UCRT\;C:\Program Files (x86)\Intel\Intel(R) Management Engine Components\DAL;C:\Program Files\Intel\Intel(R) Management Engine Components\DAL;C:\Program Files\Intel\WiFi\bin\;C:\Program Files\Common Files\Intel\WirelessCommon\;C:\Program Files (x86)\ArgOS-EGMUtils;C:\Program Files\Java\jre1.8.0_221;C:\Users\104795\AppData\Local\Android\Sdk\build-tools\29.0.3;C:\Users\104795\AppData\Local\Android\Sdk\platform-tools;C:\Users\104795\AppData\Local\Android\Sdk\tools\bin;C:\Users\104795\AppData\Local\Android\Sdk\tools;C:\Users\104795\AppData\Local\Android\Sdk\platform-tools;C:\Program Files\nodejs\;C:\Program Files\nodejs\node_modules\npm\bin;C:\Udemy_Selenium\Drivers\Firefox\Version_0.26.0;C:\Udemy_Selenium\Drivers\Chrome\Version 79.0.3945.130;C:\Udemy_Selenium\Drivers\IE\Version_3.150.1;C:\Program Files\MySQL\MySQL Shell 8.0\bin\;C:\Users\104795\AppData\Local\Programs\Python\Python36-32;C:\Program Files\Intel\WiFi\bin\;C:\Program Files\Common Files\Intel\WirelessCommon\;C:\Users\104795\AppData\Roaming\npm;."/>
    <property name="java.vm.info" value="mixed mode, sharing"/>
    <property name="java.vendor" value="Oracle Corporation"/>
    <property name="java.vm.version" value="13.0.2+8"/>
    <property name="sun.io.unicode.encoding" value="UnicodeLittle"/>
    <property name="java.class.version" value="57.0"/>
  </properties>
  <testcase name="basePageNavigation" classname="Academy.homePage" time="10.821"/>
  <testcase name="basePageNavigation" classname="Academy.homePage" time="19.047"/>
  <testcase name="basePageNavigation" classname="Academy.validateNavBar" time="0.191"/>
  <testcase name="validateHeader" classname="Academy.validateTitle" time="0.001">
    <failure type="java.lang.NullPointerException"><![CDATA[java.lang.NullPointerException
	at Academy.validateTitle.validateHeader(validateTitle.java:49)
]]></failure>
    <system-out><![CDATA[08:22:39.815 [main] INFO  resources.base - Driver is initialized
08:22:45.596 [main] INFO  resources.base - Navigated to home page
]]></system-out>
    <system-err><![CDATA[Starting ChromeDriver 81.0.4044.69 (6813546031a4bc83f717a2ef7cd4ac6ec1199132-refs/branch-heads/4044@{#776}) on port 5597
Only local connections are allowed.
Please protect ports used by ChromeDriver and related test frameworks to prevent access by malicious code.
May 05, 2020 8:22:39 AM org.openqa.selenium.remote.ProtocolHandshake createSession
INFO: Detected dialect: W3C
[1588684962.313][SEVERE]: Timed out receiving message from renderer: 0.100
[1588684962.416][SEVERE]: Timed out receiving message from renderer: 0.100
[1588684962.528][SEVERE]: Timed out receiving message from renderer: 0.100
[1588684962.800][SEVERE]: Timed out receiving message from renderer: 0.100
[1588684962.906][SEVERE]: Timed out receiving message from renderer: 0.100
[1588684963.011][SEVERE]: Timed out receiving message from renderer: 0.100
[1588684963.118][SEVERE]: Timed out receiving message from renderer: 0.100
[1588684963.220][SEVERE]: Timed out receiving message from renderer: 0.100
[1588684963.325][SEVERE]: Timed out receiving message from renderer: 0.100
[1588684963.429][SEVERE]: Timed out receiving message from renderer: 0.100
[1588684963.536][SEVERE]: Timed out receiving message from renderer: 0.100
[1588684963.639][SEVERE]: Timed out receiving message from renderer: 0.100
[1588684963.744][SEVERE]: Timed out receiving message from renderer: 0.100
[1588684964.912][SEVERE]: Timed out receiving message from renderer: 0.100
[1588684965.180][SEVERE]: Timed out receiving message from renderer: 0.100
[1588684965.501][SEVERE]: Timed out receiving message from renderer: 0.100
]]></system-err>
  </testcase>
  <testcase name="validateTitle" classname="Academy.validateTitle" time="0.353"/>
</testsuite>