<?xml version="1.0" encoding="UTF-8"?>
<!-- Generated by org.testng.reporters.JUnitReportReporter -->
<testsuite skipped="0" hostname="L5CG73030Z4" name="qaclickacademy.AppTest" tests="1" failures="0" timestamp="2020-04-29T09:33:30 CDT" time="0.005" errors="0">
  <testcase name="testApp" time="0.005" classname="qaclickacademy.AppTest"/>
  <system-out/>
</testsuite> <!-- qaclickacademy.AppTest -->
