<?xml version="1.0" encoding="UTF-8"?>
<!-- Generated by org.testng.reporters.JUnitReportReporter -->
<testsuite skipped="0" hostname="L5CG73030Z4" name="qaclickacademy.SeleniumTest" tests="2" failures="0" timestamp="2020-04-29T11:27:52 CDT" time="0.001" errors="0">
  <testcase name="elementTest" time="0.001" classname="qaclickacademy.SeleniumTest"/>
  <system-out/>
  <testcase name="BrowserAutomation" time="0.000" classname="qaclickacademy.SeleniumTest"/>
  <system-out/>
</testsuite> <!-- qaclickacademy.SeleniumTest -->
